<html>
<body>
<pre>
<h1>Vision3 Build Log</h1>
<h2>Project:</h2>
C:\Documents and Settings\Administrator\My Documents\单片机子程序\12864\12864.uv2
Project File Date:  08/01/2009

<h2>Output:</h2>
Build target 'Target 1'
assembling STARTUP.A51...
compiling 12864.c...
Cfile\12864.c(1): error C301: identifier expected
\DOCUMENTS AND SETTINGS\ADMINISTRATOR\MY DOCUMENTS\单片机子程序\12864\HFILE\12864.H(1): error C301: identifier expected
\DOCUMENTS AND SETTINGS\ADMINISTRATOR\MY DOCUMENTS\单片机子程序\12864\HFILE\12864.H(2): error C301: identifier expected
\DOCUMENTS AND SETTINGS\ADMINISTRATOR\MY DOCUMENTS\单片机子程序\12864\HFILE\12864.H(3): error C301: identifier expected
compiling delay.c...
\DOCUMENTS AND SETTINGS\ADMINISTRATOR\MY DOCUMENTS\单片机子程序\12864\HFILE\12864.H(1): error C301: identifier expected
\DOCUMENTS AND SETTINGS\ADMINISTRATOR\MY DOCUMENTS\单片机子程序\12864\HFILE\12864.H(2): error C301: identifier expected
\DOCUMENTS AND SETTINGS\ADMINISTRATOR\MY DOCUMENTS\单片机子程序\12864\HFILE\12864.H(3): error C301: identifier expected
compiling main.c...
\DOCUMENTS AND SETTINGS\ADMINISTRATOR\MY DOCUMENTS\单片机子程序\12864\HFILE\12864.H(1): error C301: identifier expected
\DOCUMENTS AND SETTINGS\ADMINISTRATOR\MY DOCUMENTS\单片机子程序\12864\HFILE\12864.H(2): error C301: identifier expected
\DOCUMENTS AND SETTINGS\ADMINISTRATOR\MY DOCUMENTS\单片机子程序\12864\HFILE\12864.H(3): error C301: identifier expected
Target not created
Build target 'Target 1'
assembling STARTUP.A51...
compiling 12864.c...
Cfile\12864.c(1): error C301: identifier expected
\DOCUMENTS AND SETTINGS\ADMINISTRATOR\MY DOCUMENTS\单片机子程序\12864\HFILE\12864.H(1): error C301: identifier expected
\DOCUMENTS AND SETTINGS\ADMINISTRATOR\MY DOCUMENTS\单片机子程序\12864\HFILE\12864.H(2): error C301: identifier expected
\DOCUMENTS AND SETTINGS\ADMINISTRATOR\MY DOCUMENTS\单片机子程序\12864\HFILE\12864.H(3): error C301: identifier expected
compiling delay.c...
\DOCUMENTS AND SETTINGS\ADMINISTRATOR\MY DOCUMENTS\单片机子程序\12864\HFILE\12864.H(1): error C301: identifier expected
\DOCUMENTS AND SETTINGS\ADMINISTRATOR\MY DOCUMENTS\单片机子程序\12864\HFILE\12864.H(2): error C301: identifier expected
\DOCUMENTS AND SETTINGS\ADMINISTRATOR\MY DOCUMENTS\单片机子程序\12864\HFILE\12864.H(3): error C301: identifier expected
compiling main.c...
\DOCUMENTS AND SETTINGS\ADMINISTRATOR\MY DOCUMENTS\单片机子程序\12864\HFILE\12864.H(1): error C301: identifier expected
\DOCUMENTS AND SETTINGS\ADMINISTRATOR\MY DOCUMENTS\单片机子程序\12864\HFILE\12864.H(2): error C301: identifier expected
\DOCUMENTS AND SETTINGS\ADMINISTRATOR\MY DOCUMENTS\单片机子程序\12864\HFILE\12864.H(3): error C301: identifier expected
Target not created
Build target 'Target 1'
assembling STARTUP.A51...
compiling 12864.c...
Cfile\12864.c(1): error C301: identifier expected
\DOCUMENTS AND SETTINGS\ADMINISTRATOR\MY DOCUMENTS\单片机子程序\12864\HFILE\12864.H(1): error C301: identifier expected
\DOCUMENTS AND SETTINGS\ADMINISTRATOR\MY DOCUMENTS\单片机子程序\12864\HFILE\12864.H(2): error C301: identifier expected
\DOCUMENTS AND SETTINGS\ADMINISTRATOR\MY DOCUMENTS\单片机子程序\12864\HFILE\12864.H(3): error C301: identifier expected
compiling delay.c...
\DOCUMENTS AND SETTINGS\ADMINISTRATOR\MY DOCUMENTS\单片机子程序\12864\HFILE\12864.H(1): error C301: identifier expected
\DOCUMENTS AND SETTINGS\ADMINISTRATOR\MY DOCUMENTS\单片机子程序\12864\HFILE\12864.H(2): error C301: identifier expected
\DOCUMENTS AND SETTINGS\ADMINISTRATOR\MY DOCUMENTS\单片机子程序\12864\HFILE\12864.H(3): error C301: identifier expected
compiling main.c...
\DOCUMENTS AND SETTINGS\ADMINISTRATOR\MY DOCUMENTS\单片机子程序\12864\HFILE\12864.H(1): error C301: identifier expected
\DOCUMENTS AND SETTINGS\ADMINISTRATOR\MY DOCUMENTS\单片机子程序\12864\HFILE\12864.H(2): error C301: identifier expected
\DOCUMENTS AND SETTINGS\ADMINISTRATOR\MY DOCUMENTS\单片机子程序\12864\HFILE\12864.H(3): error C301: identifier expected
Target not created
Build target 'Target 1'
assembling STARTUP.A51...
compiling 12864.c...
Cfile\12864.c(1): error C301: identifier expected
\DOCUMENTS AND SETTINGS\ADMINISTRATOR\MY DOCUMENTS\单片机子程序\12864\HFILE\12864.H(1): error C301: identifier expected
\DOCUMENTS AND SETTINGS\ADMINISTRATOR\MY DOCUMENTS\单片机子程序\12864\HFILE\12864.H(2): error C301: identifier expected
\DOCUMENTS AND SETTINGS\ADMINISTRATOR\MY DOCUMENTS\单片机子程序\12864\HFILE\12864.H(3): error C301: identifier expected
compiling delay.c...
\DOCUMENTS AND SETTINGS\ADMINISTRATOR\MY DOCUMENTS\单片机子程序\12864\HFILE\12864.H(1): error C301: identifier expected
\DOCUMENTS AND SETTINGS\ADMINISTRATOR\MY DOCUMENTS\单片机子程序\12864\HFILE\12864.H(2): error C301: identifier expected
\DOCUMENTS AND SETTINGS\ADMINISTRATOR\MY DOCUMENTS\单片机子程序\12864\HFILE\12864.H(3): error C301: identifier expected
compiling main.c...
\DOCUMENTS AND SETTINGS\ADMINISTRATOR\MY DOCUMENTS\单片机子程序\12864\HFILE\12864.H(1): error C301: identifier expected
\DOCUMENTS AND SETTINGS\ADMINISTRATOR\MY DOCUMENTS\单片机子程序\12864\HFILE\12864.H(2): error C301: identifier expected
\DOCUMENTS AND SETTINGS\ADMINISTRATOR\MY DOCUMENTS\单片机子程序\12864\HFILE\12864.H(3): error C301: identifier expected
Target not created
Build target 'Target 1'
assembling STARTUP.A51...
compiling 12864.c...
Cfile\12864.c(1): error C301: identifier expected
\DOCUMENTS AND SETTINGS\ADMINISTRATOR\MY DOCUMENTS\单片机子程序\12864\HFILE\12864.H(4): error C301: identifier expected
\DOCUMENTS AND SETTINGS\ADMINISTRATOR\MY DOCUMENTS\单片机子程序\12864\HFILE\12864.H(24): warning C312: misplaced endif control
compiling delay.c...
\DOCUMENTS AND SETTINGS\ADMINISTRATOR\MY DOCUMENTS\单片机子程序\12864\HFILE\12864.H(4): error C301: identifier expected
\DOCUMENTS AND SETTINGS\ADMINISTRATOR\MY DOCUMENTS\单片机子程序\12864\HFILE\12864.H(24): warning C312: misplaced endif control
compiling main.c...
\DOCUMENTS AND SETTINGS\ADMINISTRATOR\MY DOCUMENTS\单片机子程序\12864\HFILE\12864.H(4): error C301: identifier expected
\DOCUMENTS AND SETTINGS\ADMINISTRATOR\MY DOCUMENTS\单片机子程序\12864\HFILE\12864.H(24): warning C312: misplaced endif control
Target not created
Build target 'Target 1'
assembling STARTUP.A51...
compiling 12864.c...
Cfile\12864.c(1): error C301: identifier expected
\DOCUMENTS AND SETTINGS\ADMINISTRATOR\MY DOCUMENTS\单片机子程序\12864\HFILE\12864.H(4): error C301: identifier expected
compiling delay.c...
\DOCUMENTS AND SETTINGS\ADMINISTRATOR\MY DOCUMENTS\单片机子程序\12864\HFILE\12864.H(4): error C301: identifier expected
compiling main.c...
\DOCUMENTS AND SETTINGS\ADMINISTRATOR\MY DOCUMENTS\单片机子程序\12864\HFILE\12864.H(4): error C301: identifier expected
Target not created
Build target 'Target 1'
assembling STARTUP.A51...
compiling 12864.c...
Cfile\12864.c(1): error C301: identifier expected
\DOCUMENTS AND SETTINGS\ADMINISTRATOR\MY DOCUMENTS\单片机子程序\12864\HFILE\12864.H(1): error C301: identifier expected
\DOCUMENTS AND SETTINGS\ADMINISTRATOR\MY DOCUMENTS\单片机子程序\12864\HFILE\12864.H(2): error C301: identifier expected
\DOCUMENTS AND SETTINGS\ADMINISTRATOR\MY DOCUMENTS\单片机子程序\12864\HFILE\12864.H(3): error C301: identifier expected
compiling delay.c...
\DOCUMENTS AND SETTINGS\ADMINISTRATOR\MY DOCUMENTS\单片机子程序\12864\HFILE\12864.H(1): error C301: identifier expected
\DOCUMENTS AND SETTINGS\ADMINISTRATOR\MY DOCUMENTS\单片机子程序\12864\HFILE\12864.H(2): error C301: identifier expected
\DOCUMENTS AND SETTINGS\ADMINISTRATOR\MY DOCUMENTS\单片机子程序\12864\HFILE\12864.H(3): error C301: identifier expected
compiling main.c...
\DOCUMENTS AND SETTINGS\ADMINISTRATOR\MY DOCUMENTS\单片机子程序\12864\HFILE\12864.H(1): error C301: identifier expected
\DOCUMENTS AND SETTINGS\ADMINISTRATOR\MY DOCUMENTS\单片机子程序\12864\HFILE\12864.H(2): error C301: identifier expected
\DOCUMENTS AND SETTINGS\ADMINISTRATOR\MY DOCUMENTS\单片机子程序\12864\HFILE\12864.H(3): error C301: identifier expected
Target not created
Build target 'Target 1'
assembling STARTUP.A51...
compiling 12864.c...
compiling delay.c...
compiling main.c...
linking...
*** ERROR L104: MULTIPLE PUBLIC DEFINITIONS
    SYMBOL:  PIC
    MODULE:  delay.obj (DELAY)
*** ERROR L104: MULTIPLE PUBLIC DEFINITIONS
    SYMBOL:  CODE4
    MODULE:  delay.obj (DELAY)
*** ERROR L104: MULTIPLE PUBLIC DEFINITIONS
    SYMBOL:  CODE3
    MODULE:  delay.obj (DELAY)
*** ERROR L104: MULTIPLE PUBLIC DEFINITIONS
    SYMBOL:  CODE2
    MODULE:  delay.obj (DELAY)
*** ERROR L104: MULTIPLE PUBLIC DEFINITIONS
    SYMBOL:  CODE1
    MODULE:  delay.obj (DELAY)
*** ERROR L104: MULTIPLE PUBLIC DEFINITIONS
    SYMBOL:  PIC
    MODULE:  main.obj (MAIN)
*** ERROR L104: MULTIPLE PUBLIC DEFINITIONS
    SYMBOL:  CODE4
    MODULE:  main.obj (MAIN)
*** ERROR L104: MULTIPLE PUBLIC DEFINITIONS
    SYMBOL:  CODE3
    MODULE:  main.obj (MAIN)
*** ERROR L104: MULTIPLE PUBLIC DEFINITIONS
    SYMBOL:  CODE2
    MODULE:  main.obj (MAIN)
*** ERROR L104: MULTIPLE PUBLIC DEFINITIONS
    SYMBOL:  CODE1
    MODULE:  main.obj (MAIN)
*** WARNING L16: UNCALLED SEGMENT, IGNORED FOR OVERLAY PROCESS
    SEGMENT: ?PR?READDATA?12864
*** WARNING L16: UNCALLED SEGMENT, IGNORED FOR OVERLAY PROCESS
    SEGMENT: ?PR?INIT12864?12864
*** WARNING L16: UNCALLED SEGMENT, IGNORED FOR OVERLAY PROCESS
    SEGMENT: ?PR?_AUTODISCHAR?12864
*** WARNING L16: UNCALLED SEGMENT, IGNORED FOR OVERLAY PROCESS
    SEGMENT: ?PR?_MAKEPIC?12864
*** WARNING L16: UNCALLED SEGMENT, IGNORED FOR OVERLAY PROCESS
    SEGMENT: ?CO?12864
*** WARNING L16: UNCALLED SEGMENT, IGNORED FOR OVERLAY PROCESS
    SEGMENT: ?PR?_DELAY7US?DELAY
*** WARNING L16: UNCALLED SEGMENT, IGNORED FOR OVERLAY PROCESS
    SEGMENT: ?CO?DELAY
Program Size: data=24.2 xdata=0 code=3669
Target not created
compiling main.c...
Cfile\main.c - 0 Error(s), 0 Warning(s).
Build target 'Target 1'
assembling STARTUP.A51...
compiling 12864.c...
compiling delay.c...
compiling main.c...
linking...
*** ERROR L104: MULTIPLE PUBLIC DEFINITIONS
    SYMBOL:  PIC
    MODULE:  delay.obj (DELAY)
*** ERROR L104: MULTIPLE PUBLIC DEFINITIONS
    SYMBOL:  CODE4
    MODULE:  delay.obj (DELAY)
*** ERROR L104: MULTIPLE PUBLIC DEFINITIONS
    SYMBOL:  CODE3
    MODULE:  delay.obj (DELAY)
*** ERROR L104: MULTIPLE PUBLIC DEFINITIONS
    SYMBOL:  CODE2
    MODULE:  delay.obj (DELAY)
*** ERROR L104: MULTIPLE PUBLIC DEFINITIONS
    SYMBOL:  CODE1
    MODULE:  delay.obj (DELAY)
*** ERROR L104: MULTIPLE PUBLIC DEFINITIONS
    SYMBOL:  PIC
    MODULE:  main.obj (MAIN)
*** ERROR L104: MULTIPLE PUBLIC DEFINITIONS
    SYMBOL:  CODE4
    MODULE:  main.obj (MAIN)
*** ERROR L104: MULTIPLE PUBLIC DEFINITIONS
    SYMBOL:  CODE3
    MODULE:  main.obj (MAIN)
*** ERROR L104: MULTIPLE PUBLIC DEFINITIONS
    SYMBOL:  CODE2
    MODULE:  main.obj (MAIN)
*** ERROR L104: MULTIPLE PUBLIC DEFINITIONS
    SYMBOL:  CODE1
    MODULE:  main.obj (MAIN)
*** WARNING L16: UNCALLED SEGMENT, IGNORED FOR OVERLAY PROCESS
    SEGMENT: ?PR?READDATA?12864
*** WARNING L16: UNCALLED SEGMENT, IGNORED FOR OVERLAY PROCESS
    SEGMENT: ?PR?INIT12864?12864
*** WARNING L16: UNCALLED SEGMENT, IGNORED FOR OVERLAY PROCESS
    SEGMENT: ?PR?_AUTODISCHAR?12864
*** WARNING L16: UNCALLED SEGMENT, IGNORED FOR OVERLAY PROCESS
    SEGMENT: ?PR?_MAKEPIC?12864
*** WARNING L16: UNCALLED SEGMENT, IGNORED FOR OVERLAY PROCESS
    SEGMENT: ?CO?12864
*** WARNING L16: UNCALLED SEGMENT, IGNORED FOR OVERLAY PROCESS
    SEGMENT: ?PR?_DELAY7US?DELAY
*** WARNING L16: UNCALLED SEGMENT, IGNORED FOR OVERLAY PROCESS
    SEGMENT: ?CO?DELAY
Program Size: data=24.2 xdata=0 code=3669
Target not created
compiling delay.c...
Cfile\delay.c - 0 Error(s), 0 Warning(s).
compiling main.c...
Cfile\main.c - 0 Error(s), 0 Warning(s).
compiling 12864.c...
Cfile\12864.c - 0 Error(s), 0 Warning(s).
Build target 'Target 1'
assembling STARTUP.A51...
compiling 12864.c...
compiling delay.c...
compiling main.c...
linking...
*** ERROR L104: MULTIPLE PUBLIC DEFINITIONS
    SYMBOL:  PIC
    MODULE:  delay.obj (DELAY)
*** ERROR L104: MULTIPLE PUBLIC DEFINITIONS
    SYMBOL:  CODE4
    MODULE:  delay.obj (DELAY)
*** ERROR L104: MULTIPLE PUBLIC DEFINITIONS
    SYMBOL:  CODE3
    MODULE:  delay.obj (DELAY)
*** ERROR L104: MULTIPLE PUBLIC DEFINITIONS
    SYMBOL:  CODE2
    MODULE:  delay.obj (DELAY)
*** ERROR L104: MULTIPLE PUBLIC DEFINITIONS
    SYMBOL:  CODE1
    MODULE:  delay.obj (DELAY)
*** ERROR L104: MULTIPLE PUBLIC DEFINITIONS
    SYMBOL:  PIC
    MODULE:  main.obj (MAIN)
*** ERROR L104: MULTIPLE PUBLIC DEFINITIONS
    SYMBOL:  CODE4
    MODULE:  main.obj (MAIN)
*** ERROR L104: MULTIPLE PUBLIC DEFINITIONS
    SYMBOL:  CODE3
    MODULE:  main.obj (MAIN)
*** ERROR L104: MULTIPLE PUBLIC DEFINITIONS
    SYMBOL:  CODE2
    MODULE:  main.obj (MAIN)
*** ERROR L104: MULTIPLE PUBLIC DEFINITIONS
    SYMBOL:  CODE1
    MODULE:  main.obj (MAIN)
*** WARNING L16: UNCALLED SEGMENT, IGNORED FOR OVERLAY PROCESS
    SEGMENT: ?PR?READDATA?12864
*** WARNING L16: UNCALLED SEGMENT, IGNORED FOR OVERLAY PROCESS
    SEGMENT: ?PR?INIT12864?12864
*** WARNING L16: UNCALLED SEGMENT, IGNORED FOR OVERLAY PROCESS
    SEGMENT: ?PR?_AUTODISCHAR?12864
*** WARNING L16: UNCALLED SEGMENT, IGNORED FOR OVERLAY PROCESS
    SEGMENT: ?PR?_MAKEPIC?12864
*** WARNING L16: UNCALLED SEGMENT, IGNORED FOR OVERLAY PROCESS
    SEGMENT: ?CO?12864
*** WARNING L16: UNCALLED SEGMENT, IGNORED FOR OVERLAY PROCESS
    SEGMENT: ?PR?_DELAY7US?DELAY
*** WARNING L16: UNCALLED SEGMENT, IGNORED FOR OVERLAY PROCESS
    SEGMENT: ?CO?DELAY
Program Size: data=24.2 xdata=0 code=3669
Target not created
Build target 'Target 1'
assembling STARTUP.A51...
compiling 12864.c...
compiling delay.c...
compiling main.c...
linking...
*** ERROR L104: MULTIPLE PUBLIC DEFINITIONS
    SYMBOL:  PIC
    MODULE:  delay.obj (DELAY)
*** ERROR L104: MULTIPLE PUBLIC DEFINITIONS
    SYMBOL:  CODE4
    MODULE:  delay.obj (DELAY)
*** ERROR L104: MULTIPLE PUBLIC DEFINITIONS
    SYMBOL:  CODE3
    MODULE:  delay.obj (DELAY)
*** ERROR L104: MULTIPLE PUBLIC DEFINITIONS
    SYMBOL:  CODE2
    MODULE:  delay.obj (DELAY)
*** ERROR L104: MULTIPLE PUBLIC DEFINITIONS
    SYMBOL:  CODE1
    MODULE:  delay.obj (DELAY)
*** ERROR L104: MULTIPLE PUBLIC DEFINITIONS
    SYMBOL:  PIC
    MODULE:  main.obj (MAIN)
*** ERROR L104: MULTIPLE PUBLIC DEFINITIONS
    SYMBOL:  CODE4
    MODULE:  main.obj (MAIN)
*** ERROR L104: MULTIPLE PUBLIC DEFINITIONS
    SYMBOL:  CODE3
    MODULE:  main.obj (MAIN)
*** ERROR L104: MULTIPLE PUBLIC DEFINITIONS
    SYMBOL:  CODE2
    MODULE:  main.obj (MAIN)
*** ERROR L104: MULTIPLE PUBLIC DEFINITIONS
    SYMBOL:  CODE1
    MODULE:  main.obj (MAIN)
*** WARNING L16: UNCALLED SEGMENT, IGNORED FOR OVERLAY PROCESS
    SEGMENT: ?PR?READDATA?12864
*** WARNING L16: UNCALLED SEGMENT, IGNORED FOR OVERLAY PROCESS
    SEGMENT: ?PR?INIT12864?12864
*** WARNING L16: UNCALLED SEGMENT, IGNORED FOR OVERLAY PROCESS
    SEGMENT: ?PR?_AUTODISCHAR?12864
*** WARNING L16: UNCALLED SEGMENT, IGNORED FOR OVERLAY PROCESS
    SEGMENT: ?PR?_MAKEPIC?12864
*** WARNING L16: UNCALLED SEGMENT, IGNORED FOR OVERLAY PROCESS
    SEGMENT: ?CO?12864
*** WARNING L16: UNCALLED SEGMENT, IGNORED FOR OVERLAY PROCESS
    SEGMENT: ?PR?_DELAY7US?DELAY
*** WARNING L16: UNCALLED SEGMENT, IGNORED FOR OVERLAY PROCESS
    SEGMENT: ?CO?DELAY
Program Size: data=24.2 xdata=0 code=3669
Target not created
Build target 'Target 1'
assembling STARTUP.A51...
compiling 12864.c...
compiling delay.c...
compiling main.c...
linking...
*** ERROR L104: MULTIPLE PUBLIC DEFINITIONS
    SYMBOL:  PIC
    MODULE:  delay.obj (DELAY)
*** ERROR L104: MULTIPLE PUBLIC DEFINITIONS
    SYMBOL:  CODE4
    MODULE:  delay.obj (DELAY)
*** ERROR L104: MULTIPLE PUBLIC DEFINITIONS
    SYMBOL:  CODE3
    MODULE:  delay.obj (DELAY)
*** ERROR L104: MULTIPLE PUBLIC DEFINITIONS
    SYMBOL:  CODE2
    MODULE:  delay.obj (DELAY)
*** ERROR L104: MULTIPLE PUBLIC DEFINITIONS
    SYMBOL:  CODE1
    MODULE:  delay.obj (DELAY)
*** ERROR L104: MULTIPLE PUBLIC DEFINITIONS
    SYMBOL:  PIC
    MODULE:  main.obj (MAIN)
*** ERROR L104: MULTIPLE PUBLIC DEFINITIONS
    SYMBOL:  CODE4
    MODULE:  main.obj (MAIN)
*** ERROR L104: MULTIPLE PUBLIC DEFINITIONS
    SYMBOL:  CODE3
    MODULE:  main.obj (MAIN)
*** ERROR L104: MULTIPLE PUBLIC DEFINITIONS
    SYMBOL:  CODE2
    MODULE:  main.obj (MAIN)
*** ERROR L104: MULTIPLE PUBLIC DEFINITIONS
    SYMBOL:  CODE1
    MODULE:  main.obj (MAIN)
*** WARNING L16: UNCALLED SEGMENT, IGNORED FOR OVERLAY PROCESS
    SEGMENT: ?PR?READDATA?12864
*** WARNING L16: UNCALLED SEGMENT, IGNORED FOR OVERLAY PROCESS
    SEGMENT: ?PR?INIT12864?12864
*** WARNING L16: UNCALLED SEGMENT, IGNORED FOR OVERLAY PROCESS
    SEGMENT: ?PR?_AUTODISCHAR?12864
*** WARNING L16: UNCALLED SEGMENT, IGNORED FOR OVERLAY PROCESS
    SEGMENT: ?PR?_MAKEPIC?12864
*** WARNING L16: UNCALLED SEGMENT, IGNORED FOR OVERLAY PROCESS
    SEGMENT: ?CO?12864
*** WARNING L16: UNCALLED SEGMENT, IGNORED FOR OVERLAY PROCESS
    SEGMENT: ?PR?_DELAY7US?DELAY
*** WARNING L16: UNCALLED SEGMENT, IGNORED FOR OVERLAY PROCESS
    SEGMENT: ?CO?DELAY
Program Size: data=24.2 xdata=0 code=3669
Target not created
Build target 'Target 1'
assembling STARTUP.A51...
compiling 12864.c...
compiling delay.c...
compiling main.c...
linking...
*** ERROR L104: MULTIPLE PUBLIC DEFINITIONS
    SYMBOL:  PIC
    MODULE:  delay.obj (DELAY)
*** ERROR L104: MULTIPLE PUBLIC DEFINITIONS
    SYMBOL:  CODE4
    MODULE:  delay.obj (DELAY)
*** ERROR L104: MULTIPLE PUBLIC DEFINITIONS
    SYMBOL:  CODE3
    MODULE:  delay.obj (DELAY)
*** ERROR L104: MULTIPLE PUBLIC DEFINITIONS
    SYMBOL:  CODE2
    MODULE:  delay.obj (DELAY)
*** ERROR L104: MULTIPLE PUBLIC DEFINITIONS
    SYMBOL:  CODE1
    MODULE:  delay.obj (DELAY)
*** ERROR L104: MULTIPLE PUBLIC DEFINITIONS
    SYMBOL:  PIC
    MODULE:  main.obj (MAIN)
*** ERROR L104: MULTIPLE PUBLIC DEFINITIONS
    SYMBOL:  CODE4
    MODULE:  main.obj (MAIN)
*** ERROR L104: MULTIPLE PUBLIC DEFINITIONS
    SYMBOL:  CODE3
    MODULE:  main.obj (MAIN)
*** ERROR L104: MULTIPLE PUBLIC DEFINITIONS
    SYMBOL:  CODE2
    MODULE:  main.obj (MAIN)
*** ERROR L104: MULTIPLE PUBLIC DEFINITIONS
    SYMBOL:  CODE1
    MODULE:  main.obj (MAIN)
*** WARNING L16: UNCALLED SEGMENT, IGNORED FOR OVERLAY PROCESS
    SEGMENT: ?PR?READDATA?12864
*** WARNING L16: UNCALLED SEGMENT, IGNORED FOR OVERLAY PROCESS
    SEGMENT: ?PR?INIT12864?12864
*** WARNING L16: UNCALLED SEGMENT, IGNORED FOR OVERLAY PROCESS
    SEGMENT: ?PR?_AUTODISCHAR?12864
*** WARNING L16: UNCALLED SEGMENT, IGNORED FOR OVERLAY PROCESS
    SEGMENT: ?PR?_MAKEPIC?12864
*** WARNING L16: UNCALLED SEGMENT, IGNORED FOR OVERLAY PROCESS
    SEGMENT: ?CO?12864
*** WARNING L16: UNCALLED SEGMENT, IGNORED FOR OVERLAY PROCESS
    SEGMENT: ?PR?_DELAY7US?DELAY
*** WARNING L16: UNCALLED SEGMENT, IGNORED FOR OVERLAY PROCESS
    SEGMENT: ?CO?DELAY
Program Size: data=24.2 xdata=0 code=3669
Target not created
compiling 12864.c...
Cfile\12864.c - 0 Error(s), 0 Warning(s).
Build target 'Target 1'
assembling STARTUP.A51...
compiling 12864.c...
compiling delay.c...
compiling main.c...
linking...
*** ERROR L104: MULTIPLE PUBLIC DEFINITIONS
    SYMBOL:  PIC
    MODULE:  delay.obj (DELAY)
*** ERROR L104: MULTIPLE PUBLIC DEFINITIONS
    SYMBOL:  CODE4
    MODULE:  delay.obj (DELAY)
*** ERROR L104: MULTIPLE PUBLIC DEFINITIONS
    SYMBOL:  CODE3
    MODULE:  delay.obj (DELAY)
*** ERROR L104: MULTIPLE PUBLIC DEFINITIONS
    SYMBOL:  CODE2
    MODULE:  delay.obj (DELAY)
*** ERROR L104: MULTIPLE PUBLIC DEFINITIONS
    SYMBOL:  CODE1
    MODULE:  delay.obj (DELAY)
*** ERROR L104: MULTIPLE PUBLIC DEFINITIONS
    SYMBOL:  PIC
    MODULE:  main.obj (MAIN)
*** ERROR L104: MULTIPLE PUBLIC DEFINITIONS
    SYMBOL:  CODE4
    MODULE:  main.obj (MAIN)
*** ERROR L104: MULTIPLE PUBLIC DEFINITIONS
    SYMBOL:  CODE3
    MODULE:  main.obj (MAIN)
*** ERROR L104: MULTIPLE PUBLIC DEFINITIONS
    SYMBOL:  CODE2
    MODULE:  main.obj (MAIN)
*** ERROR L104: MULTIPLE PUBLIC DEFINITIONS
    SYMBOL:  CODE1
    MODULE:  main.obj (MAIN)
*** WARNING L16: UNCALLED SEGMENT, IGNORED FOR OVERLAY PROCESS
    SEGMENT: ?PR?READDATA?12864
*** WARNING L16: UNCALLED SEGMENT, IGNORED FOR OVERLAY PROCESS
    SEGMENT: ?PR?INIT12864?12864
*** WARNING L16: UNCALLED SEGMENT, IGNORED FOR OVERLAY PROCESS
    SEGMENT: ?PR?_AUTODISCHAR?12864
*** WARNING L16: UNCALLED SEGMENT, IGNORED FOR OVERLAY PROCESS
    SEGMENT: ?PR?_MAKEPIC?12864
*** WARNING L16: UNCALLED SEGMENT, IGNORED FOR OVERLAY PROCESS
    SEGMENT: ?CO?12864
*** WARNING L16: UNCALLED SEGMENT, IGNORED FOR OVERLAY PROCESS
    SEGMENT: ?PR?_DELAY7US?DELAY
*** WARNING L16: UNCALLED SEGMENT, IGNORED FOR OVERLAY PROCESS
    SEGMENT: ?CO?DELAY
Program Size: data=24.2 xdata=0 code=3669
Target not created
Build target 'Target 1'
assembling STARTUP.A51...
compiling main.c...
compiling 12864.c...
compiling delay.c...
linking...
*** ERROR L104: MULTIPLE PUBLIC DEFINITIONS
    SYMBOL:  PIC
    MODULE:  12864.obj (12864)
*** ERROR L104: MULTIPLE PUBLIC DEFINITIONS
    SYMBOL:  CODE4
    MODULE:  12864.obj (12864)
*** ERROR L104: MULTIPLE PUBLIC DEFINITIONS
    SYMBOL:  CODE3
    MODULE:  12864.obj (12864)
*** ERROR L104: MULTIPLE PUBLIC DEFINITIONS
    SYMBOL:  CODE2
    MODULE:  12864.obj (12864)
*** ERROR L104: MULTIPLE PUBLIC DEFINITIONS
    SYMBOL:  CODE1
    MODULE:  12864.obj (12864)
*** ERROR L104: MULTIPLE PUBLIC DEFINITIONS
    SYMBOL:  PIC
    MODULE:  delay.obj (DELAY)
*** ERROR L104: MULTIPLE PUBLIC DEFINITIONS
    SYMBOL:  CODE4
    MODULE:  delay.obj (DELAY)
*** ERROR L104: MULTIPLE PUBLIC DEFINITIONS
    SYMBOL:  CODE3
    MODULE:  delay.obj (DELAY)
*** ERROR L104: MULTIPLE PUBLIC DEFINITIONS
    SYMBOL:  CODE2
    MODULE:  delay.obj (DELAY)
*** ERROR L104: MULTIPLE PUBLIC DEFINITIONS
    SYMBOL:  CODE1
    MODULE:  delay.obj (DELAY)
*** WARNING L16: UNCALLED SEGMENT, IGNORED FOR OVERLAY PROCESS
    SEGMENT: ?PR?READDATA?12864
*** WARNING L16: UNCALLED SEGMENT, IGNORED FOR OVERLAY PROCESS
    SEGMENT: ?PR?INIT12864?12864
*** WARNING L16: UNCALLED SEGMENT, IGNORED FOR OVERLAY PROCESS
    SEGMENT: ?PR?_AUTODISCHAR?12864
*** WARNING L16: UNCALLED SEGMENT, IGNORED FOR OVERLAY PROCESS
    SEGMENT: ?PR?_MAKEPIC?12864
*** WARNING L16: UNCALLED SEGMENT, IGNORED FOR OVERLAY PROCESS
    SEGMENT: ?CO?12864
*** WARNING L16: UNCALLED SEGMENT, IGNORED FOR OVERLAY PROCESS
    SEGMENT: ?PR?_DELAY7US?DELAY
*** WARNING L16: UNCALLED SEGMENT, IGNORED FOR OVERLAY PROCESS
    SEGMENT: ?CO?DELAY
Program Size: data=24.2 xdata=0 code=3669
Target not created
Build target 'Target 1'
assembling STARTUP.A51...
compiling main.c...
compiling 12864.c...
compiling delay.c...
linking...
*** ERROR L104: MULTIPLE PUBLIC DEFINITIONS
    SYMBOL:  PIC
    MODULE:  12864.obj (12864)
*** ERROR L104: MULTIPLE PUBLIC DEFINITIONS
    SYMBOL:  CODE4
    MODULE:  12864.obj (12864)
*** ERROR L104: MULTIPLE PUBLIC DEFINITIONS
    SYMBOL:  CODE3
    MODULE:  12864.obj (12864)
*** ERROR L104: MULTIPLE PUBLIC DEFINITIONS
    SYMBOL:  CODE2
    MODULE:  12864.obj (12864)
*** ERROR L104: MULTIPLE PUBLIC DEFINITIONS
    SYMBOL:  CODE1
    MODULE:  12864.obj (12864)
*** ERROR L104: MULTIPLE PUBLIC DEFINITIONS
    SYMBOL:  PIC
    MODULE:  delay.obj (DELAY)
*** ERROR L104: MULTIPLE PUBLIC DEFINITIONS
    SYMBOL:  CODE4
    MODULE:  delay.obj (DELAY)
*** ERROR L104: MULTIPLE PUBLIC DEFINITIONS
    SYMBOL:  CODE3
    MODULE:  delay.obj (DELAY)
*** ERROR L104: MULTIPLE PUBLIC DEFINITIONS
    SYMBOL:  CODE2
    MODULE:  delay.obj (DELAY)
*** ERROR L104: MULTIPLE PUBLIC DEFINITIONS
    SYMBOL:  CODE1
    MODULE:  delay.obj (DELAY)
*** WARNING L16: UNCALLED SEGMENT, IGNORED FOR OVERLAY PROCESS
    SEGMENT: ?PR?READDATA?12864
*** WARNING L16: UNCALLED SEGMENT, IGNORED FOR OVERLAY PROCESS
    SEGMENT: ?PR?INIT12864?12864
*** WARNING L16: UNCALLED SEGMENT, IGNORED FOR OVERLAY PROCESS
    SEGMENT: ?PR?_AUTODISCHAR?12864
*** WARNING L16: UNCALLED SEGMENT, IGNORED FOR OVERLAY PROCESS
    SEGMENT: ?PR?_MAKEPIC?12864
*** WARNING L16: UNCALLED SEGMENT, IGNORED FOR OVERLAY PROCESS
    SEGMENT: ?CO?12864
*** WARNING L16: UNCALLED SEGMENT, IGNORED FOR OVERLAY PROCESS
    SEGMENT: ?PR?_DELAY7US?DELAY
*** WARNING L16: UNCALLED SEGMENT, IGNORED FOR OVERLAY PROCESS
    SEGMENT: ?CO?DELAY
Program Size: data=24.2 xdata=0 code=3669
Target not created
Build target 'Target 1'
assembling STARTUP.A51...
compiling main.c...
compiling 12864.c...
compiling delay.c...
linking...
*** ERROR L104: MULTIPLE PUBLIC DEFINITIONS
    SYMBOL:  PIC
    MODULE:  12864.obj (12864)
*** ERROR L104: MULTIPLE PUBLIC DEFINITIONS
    SYMBOL:  CODE4
    MODULE:  12864.obj (12864)
*** ERROR L104: MULTIPLE PUBLIC DEFINITIONS
    SYMBOL:  CODE3
    MODULE:  12864.obj (12864)
*** ERROR L104: MULTIPLE PUBLIC DEFINITIONS
    SYMBOL:  CODE2
    MODULE:  12864.obj (12864)
*** ERROR L104: MULTIPLE PUBLIC DEFINITIONS
    SYMBOL:  CODE1
    MODULE:  12864.obj (12864)
*** ERROR L104: MULTIPLE PUBLIC DEFINITIONS
    SYMBOL:  PIC
    MODULE:  delay.obj (DELAY)
*** ERROR L104: MULTIPLE PUBLIC DEFINITIONS
    SYMBOL:  CODE4
    MODULE:  delay.obj (DELAY)
*** ERROR L104: MULTIPLE PUBLIC DEFINITIONS
    SYMBOL:  CODE3
    MODULE:  delay.obj (DELAY)
*** ERROR L104: MULTIPLE PUBLIC DEFINITIONS
    SYMBOL:  CODE2
    MODULE:  delay.obj (DELAY)
*** ERROR L104: MULTIPLE PUBLIC DEFINITIONS
    SYMBOL:  CODE1
    MODULE:  delay.obj (DELAY)
*** WARNING L16: UNCALLED SEGMENT, IGNORED FOR OVERLAY PROCESS
    SEGMENT: ?PR?READDATA?12864
*** WARNING L16: UNCALLED SEGMENT, IGNORED FOR OVERLAY PROCESS
    SEGMENT: ?PR?INIT12864?12864
*** WARNING L16: UNCALLED SEGMENT, IGNORED FOR OVERLAY PROCESS
    SEGMENT: ?PR?_AUTODISCHAR?12864
*** WARNING L16: UNCALLED SEGMENT, IGNORED FOR OVERLAY PROCESS
    SEGMENT: ?PR?_MAKEPIC?12864
*** WARNING L16: UNCALLED SEGMENT, IGNORED FOR OVERLAY PROCESS
    SEGMENT: ?CO?12864
*** WARNING L16: UNCALLED SEGMENT, IGNORED FOR OVERLAY PROCESS
    SEGMENT: ?PR?_DELAY7US?DELAY
*** WARNING L16: UNCALLED SEGMENT, IGNORED FOR OVERLAY PROCESS
    SEGMENT: ?CO?DELAY
Program Size: data=24.2 xdata=0 code=3669
Target not created
Build target 'Target 1'
assembling STARTUP.A51...
compiling main.c...
compiling 12864.c...
compiling delay.c...
linking...
*** ERROR L104: MULTIPLE PUBLIC DEFINITIONS
    SYMBOL:  PIC
    MODULE:  12864.obj (12864)
*** ERROR L104: MULTIPLE PUBLIC DEFINITIONS
    SYMBOL:  CODE4
    MODULE:  12864.obj (12864)
*** ERROR L104: MULTIPLE PUBLIC DEFINITIONS
    SYMBOL:  CODE3
    MODULE:  12864.obj (12864)
*** ERROR L104: MULTIPLE PUBLIC DEFINITIONS
    SYMBOL:  CODE2
    MODULE:  12864.obj (12864)
*** ERROR L104: MULTIPLE PUBLIC DEFINITIONS
    SYMBOL:  CODE1
    MODULE:  12864.obj (12864)
*** ERROR L104: MULTIPLE PUBLIC DEFINITIONS
    SYMBOL:  PIC
    MODULE:  delay.obj (DELAY)
*** ERROR L104: MULTIPLE PUBLIC DEFINITIONS
    SYMBOL:  CODE4
    MODULE:  delay.obj (DELAY)
*** ERROR L104: MULTIPLE PUBLIC DEFINITIONS
    SYMBOL:  CODE3
    MODULE:  delay.obj (DELAY)
*** ERROR L104: MULTIPLE PUBLIC DEFINITIONS
    SYMBOL:  CODE2
    MODULE:  delay.obj (DELAY)
*** ERROR L104: MULTIPLE PUBLIC DEFINITIONS
    SYMBOL:  CODE1
    MODULE:  delay.obj (DELAY)
*** WARNING L16: UNCALLED SEGMENT, IGNORED FOR OVERLAY PROCESS
    SEGMENT: ?PR?READDATA?12864
*** WARNING L16: UNCALLED SEGMENT, IGNORED FOR OVERLAY PROCESS
    SEGMENT: ?PR?INIT12864?12864
*** WARNING L16: UNCALLED SEGMENT, IGNORED FOR OVERLAY PROCESS
    SEGMENT: ?PR?_AUTODISCHAR?12864
*** WARNING L16: UNCALLED SEGMENT, IGNORED FOR OVERLAY PROCESS
    SEGMENT: ?PR?_MAKEPIC?12864
*** WARNING L16: UNCALLED SEGMENT, IGNORED FOR OVERLAY PROCESS
    SEGMENT: ?CO?12864
*** WARNING L16: UNCALLED SEGMENT, IGNORED FOR OVERLAY PROCESS
    SEGMENT: ?PR?_DELAY7US?DELAY
*** WARNING L16: UNCALLED SEGMENT, IGNORED FOR OVERLAY PROCESS
    SEGMENT: ?CO?DELAY
Program Size: data=24.2 xdata=0 code=3669
Target not created
compiling main.c...
Cfile\main.c - 0 Error(s), 0 Warning(s).
compiling 12864.c...
Cfile\12864.c - 0 Error(s), 0 Warning(s).
compiling 12864.c...
Cfile\12864.c - 0 Error(s), 0 Warning(s).
compiling 12864.c...
Cfile\12864.c - 0 Error(s), 0 Warning(s).
compiling 12864.c...
Cfile\12864.c - 0 Error(s), 0 Warning(s).
compiling delay.c...
Cfile\delay.c - 0 Error(s), 0 Warning(s).
Build target 'Target 1'
assembling STARTUP.A51...
compiling main.c...
compiling 12864.c...
compiling delay.c...
linking...
*** ERROR L104: MULTIPLE PUBLIC DEFINITIONS
    SYMBOL:  PIC
    MODULE:  12864.obj (12864)
*** ERROR L104: MULTIPLE PUBLIC DEFINITIONS
    SYMBOL:  CODE4
    MODULE:  12864.obj (12864)
*** ERROR L104: MULTIPLE PUBLIC DEFINITIONS
    SYMBOL:  CODE3
    MODULE:  12864.obj (12864)
*** ERROR L104: MULTIPLE PUBLIC DEFINITIONS
    SYMBOL:  CODE2
    MODULE:  12864.obj (12864)
*** ERROR L104: MULTIPLE PUBLIC DEFINITIONS
    SYMBOL:  CODE1
    MODULE:  12864.obj (12864)
*** ERROR L104: MULTIPLE PUBLIC DEFINITIONS
    SYMBOL:  PIC
    MODULE:  delay.obj (DELAY)
*** ERROR L104: MULTIPLE PUBLIC DEFINITIONS
    SYMBOL:  CODE4
    MODULE:  delay.obj (DELAY)
*** ERROR L104: MULTIPLE PUBLIC DEFINITIONS
    SYMBOL:  CODE3
    MODULE:  delay.obj (DELAY)
*** ERROR L104: MULTIPLE PUBLIC DEFINITIONS
    SYMBOL:  CODE2
    MODULE:  delay.obj (DELAY)
*** ERROR L104: MULTIPLE PUBLIC DEFINITIONS
    SYMBOL:  CODE1
    MODULE:  delay.obj (DELAY)
*** WARNING L16: UNCALLED SEGMENT, IGNORED FOR OVERLAY PROCESS
    SEGMENT: ?PR?READDATA?12864
*** WARNING L16: UNCALLED SEGMENT, IGNORED FOR OVERLAY PROCESS
    SEGMENT: ?PR?INIT12864?12864
*** WARNING L16: UNCALLED SEGMENT, IGNORED FOR OVERLAY PROCESS
    SEGMENT: ?PR?_AUTODISCHAR?12864
*** WARNING L16: UNCALLED SEGMENT, IGNORED FOR OVERLAY PROCESS
    SEGMENT: ?PR?_MAKEPIC?12864
*** WARNING L16: UNCALLED SEGMENT, IGNORED FOR OVERLAY PROCESS
    SEGMENT: ?CO?12864
*** WARNING L16: UNCALLED SEGMENT, IGNORED FOR OVERLAY PROCESS
    SEGMENT: ?PR?_DELAY7US?DELAY
*** WARNING L16: UNCALLED SEGMENT, IGNORED FOR OVERLAY PROCESS
    SEGMENT: ?CO?DELAY
Program Size: data=24.2 xdata=0 code=3669
Target not created
Build target 'Target 1'
assembling STARTUP.A51...
compiling main.c...
compiling 12864.c...
compiling delay.c...
linking...
*** WARNING L16: UNCALLED SEGMENT, IGNORED FOR OVERLAY PROCESS
    SEGMENT: ?PR?READDATA?12864
*** WARNING L16: UNCALLED SEGMENT, IGNORED FOR OVERLAY PROCESS
    SEGMENT: ?PR?INIT12864?12864
*** WARNING L16: UNCALLED SEGMENT, IGNORED FOR OVERLAY PROCESS
    SEGMENT: ?PR?_AUTODISCHAR?12864
*** WARNING L16: UNCALLED SEGMENT, IGNORED FOR OVERLAY PROCESS
    SEGMENT: ?PR?_MAKEPIC?12864
*** WARNING L16: UNCALLED SEGMENT, IGNORED FOR OVERLAY PROCESS
    SEGMENT: ?PR?_DELAY7US?DELAY
Program Size: data=24.2 xdata=0 code=1535
creating hex file from "12864"...
"12864" - 0 Error(s), 5 Warning(s).
Build target 'Target 1'
assembling STARTUP.A51...
compiling main.c...
compiling 12864.c...
compiling delay.c...
linking...
*** WARNING L16: UNCALLED SEGMENT, IGNORED FOR OVERLAY PROCESS
    SEGMENT: ?PR?READDATA?12864
*** WARNING L16: UNCALLED SEGMENT, IGNORED FOR OVERLAY PROCESS
    SEGMENT: ?PR?_AUTODISCHAR?12864
*** WARNING L16: UNCALLED SEGMENT, IGNORED FOR OVERLAY PROCESS
    SEGMENT: ?PR?_MAKEPIC?12864
*** WARNING L16: UNCALLED SEGMENT, IGNORED FOR OVERLAY PROCESS
    SEGMENT: ?PR?_DELAY7US?DELAY
Program Size: data=24.2 xdata=0 code=1538
creating hex file from "12864"...
"12864" - 0 Error(s), 4 Warning(s).
Build target 'Target 1'
assembling STARTUP.A51...
compiling main.c...
compiling 12864.c...
compiling delay.c...
linking...
*** WARNING L16: UNCALLED SEGMENT, IGNORED FOR OVERLAY PROCESS
    SEGMENT: ?PR?READDATA?12864
*** WARNING L16: UNCALLED SEGMENT, IGNORED FOR OVERLAY PROCESS
    SEGMENT: ?PR?_AUTODISCHAR?12864
*** WARNING L16: UNCALLED SEGMENT, IGNORED FOR OVERLAY PROCESS
    SEGMENT: ?PR?_MAKEPIC?12864
*** WARNING L16: UNCALLED SEGMENT, IGNORED FOR OVERLAY PROCESS
    SEGMENT: ?PR?_DELAY7US?DELAY
Program Size: data=24.2 xdata=0 code=1538
creating hex file from "12864"...
"12864" - 0 Error(s), 4 Warning(s).
Build target 'Target 1'
assembling STARTUP.A51...
compiling main.c...
compiling 12864.c...
compiling delay.c...
linking...
*** WARNING L16: UNCALLED SEGMENT, IGNORED FOR OVERLAY PROCESS
    SEGMENT: ?PR?READDATA?12864
*** WARNING L16: UNCALLED SEGMENT, IGNORED FOR OVERLAY PROCESS
    SEGMENT: ?PR?_AUTODISCHAR?12864
*** WARNING L16: UNCALLED SEGMENT, IGNORED FOR OVERLAY PROCESS
    SEGMENT: ?PR?_DELAY7US?DELAY
Program Size: data=21.2 xdata=0 code=1537
creating hex file from "12864"...
"12864" - 0 Error(s), 3 Warning(s).
Build target 'Target 1'
assembling STARTUP.A51...
compiling main.c...
compiling 12864.c...
compiling delay.c...
linking...
*** WARNING L16: UNCALLED SEGMENT, IGNORED FOR OVERLAY PROCESS
    SEGMENT: ?PR?READDATA?12864
*** WARNING L16: UNCALLED SEGMENT, IGNORED FOR OVERLAY PROCESS
    SEGMENT: ?PR?_AUTODISCHAR?12864
*** WARNING L16: UNCALLED SEGMENT, IGNORED FOR OVERLAY PROCESS
    SEGMENT: ?PR?_DELAY7US?DELAY
Program Size: data=21.2 xdata=0 code=1539
creating hex file from "12864"...
"12864" - 0 Error(s), 3 Warning(s).
Build target 'Target 1'
assembling STARTUP.A51...
compiling main.c...
compiling 12864.c...
compiling delay.c...
linking...
*** WARNING L16: UNCALLED SEGMENT, IGNORED FOR OVERLAY PROCESS
    SEGMENT: ?PR?READDATA?12864
*** WARNING L16: UNCALLED SEGMENT, IGNORED FOR OVERLAY PROCESS
    SEGMENT: ?PR?_AUTODISCHAR?12864
*** WARNING L16: UNCALLED SEGMENT, IGNORED FOR OVERLAY PROCESS
    SEGMENT: ?PR?_DELAY7US?DELAY
Program Size: data=21.2 xdata=0 code=1539
creating hex file from "12864"...
"12864" - 0 Error(s), 3 Warning(s).
Build target 'Target 1'
assembling STARTUP.A51...
compiling main.c...
compiling 12864.c...
compiling delay.c...
linking...
*** WARNING L16: UNCALLED SEGMENT, IGNORED FOR OVERLAY PROCESS
    SEGMENT: ?PR?READDATA?12864
*** WARNING L16: UNCALLED SEGMENT, IGNORED FOR OVERLAY PROCESS
    SEGMENT: ?PR?_AUTODISCHAR?12864
*** WARNING L16: UNCALLED SEGMENT, IGNORED FOR OVERLAY PROCESS
    SEGMENT: ?PR?_DELAY7US?DELAY
Program Size: data=21.2 xdata=0 code=1539
creating hex file from "12864"...
"12864" - 0 Error(s), 3 Warning(s).
